<?xml version="1.0" encoding="UTF-8"?>
<robot generator="Robot 7.0.1 (Python 3.12.4 on win32)" generated="2024-07-01T16:08:59.254504" rpa="false" schemaversion="5">
<suite id="s1" name="Tests" source="C:\Users\not\Desktop\testes_Robot\login_tests\tests">
<suite id="s1-s1" name="Login Pinterest" source="C:\Users\not\Desktop\testes_Robot\login_tests\tests\login_pinterest.robot">
<test id="s1-s1-t1" name="Scenario: Login com credenciais válidas" line="7">
<kw name="Given i'm on the Pinterest login page" owner="keywords">
<kw name="Open Browser" owner="SeleniumLibrary">
<msg time="2024-07-01T16:08:59.597277" level="INFO">Opening browser 'Chrome' to base url 'https://www.pinterest.com/login/'.</msg>
<arg>${LOGIN_URL}</arg>
<arg>${BROWSER}</arg>
<doc>Opens a new browser instance to the optional ``url``.</doc>
<status status="PASS" start="2024-07-01T16:08:59.597277" elapsed="7.570113"/>
</kw>
<kw name="Maximize Browser Window" owner="SeleniumLibrary">
<doc>Maximizes current browser window.</doc>
<status status="PASS" start="2024-07-01T16:09:07.168391" elapsed="0.196471"/>
</kw>
<kw name="Wait Until Page Contains Element" owner="SeleniumLibrary">
<arg>css=button[type='submit']</arg>
<doc>Waits until the element ``locator`` appears on the current page.</doc>
<status status="PASS" start="2024-07-01T16:09:07.364862" elapsed="0.255316"/>
</kw>
<status status="PASS" start="2024-07-01T16:08:59.596241" elapsed="8.023937"/>
</kw>
<kw name="When i enter my email &quot;${VALID_EMAIL}&quot;" owner="keywords" source_name="When i enter my email &quot;${VALID_EMAIL}&quot;">
<kw name="Input Text" owner="SeleniumLibrary">
<msg time="2024-07-01T16:09:07.630152" level="INFO">Typing text 'ciaracontadenegocios@gmail.com' into text field 'id=email'.</msg>
<arg>id=email</arg>
<arg>${VALID_EMAIL}</arg>
<doc>Types the given ``text`` into the text field identified by ``locator``.</doc>
<status status="PASS" start="2024-07-01T16:09:07.629156" elapsed="1.022681"/>
</kw>
<status status="PASS" start="2024-07-01T16:09:07.628162" elapsed="1.023675"/>
</kw>
<kw name="And i enter my password &quot;${VALID_PASSWORD}&quot;" owner="keywords" source_name="And i enter my password &quot;${VALID_PASSWORD}&quot;">
<kw name="Input Text" owner="SeleniumLibrary">
<msg time="2024-07-01T16:09:08.653832" level="INFO">Typing text 'passionfruit2' into text field 'id=password'.</msg>
<arg>id=password</arg>
<arg>${VALID_PASSWORD}</arg>
<doc>Types the given ``text`` into the text field identified by ``locator``.</doc>
<status status="PASS" start="2024-07-01T16:09:08.652834" elapsed="0.202458"/>
</kw>
<status status="PASS" start="2024-07-01T16:09:08.652834" elapsed="0.203455"/>
</kw>
<kw name="And i click the login button" owner="keywords">
<kw name="Click Element" owner="SeleniumLibrary">
<msg time="2024-07-01T16:09:08.857287" level="INFO">Clicking element '//button[contains(text(),"Iniciar sessão")]'.</msg>
<msg time="2024-07-01T16:09:09.096646" level="INFO" html="true">&lt;/td&gt;&lt;/tr&gt;&lt;tr&gt;&lt;td colspan="3"&gt;&lt;a href="selenium-screenshot-9.png"&gt;&lt;img src="selenium-screenshot-9.png" width="800px"&gt;&lt;/a&gt;</msg>
<msg time="2024-07-01T16:09:09.096646" level="FAIL">Element with locator '//button[contains(text(),"Iniciar sessão")]' not found.</msg>
<arg>//button[contains(text(),"Iniciar sessão")]</arg>
<doc>Click the element identified by ``locator``.</doc>
<status status="FAIL" start="2024-07-01T16:09:08.857287" elapsed="0.243349">Element with locator '//button[contains(text(),"Iniciar sessão")]' not found.</status>
</kw>
<status status="FAIL" start="2024-07-01T16:09:08.856289" elapsed="0.245344">Element with locator '//button[contains(text(),"Iniciar sessão")]' not found.</status>
</kw>
<kw name="Then i should see the Pinterest home page" owner="keywords">
<status status="NOT RUN" start="2024-07-01T16:09:09.101633" elapsed="0.000997"/>
</kw>
<kw name="And i must be logged in as &quot;${VALID_EMAIL}&quot;" owner="keywords" source_name="And i must be logged in as &quot;${VALID_EMAIL}&quot;">
<status status="NOT RUN" start="2024-07-01T16:09:09.102630" elapsed="0.000000"/>
</kw>
<status status="FAIL" start="2024-07-01T16:08:59.596241" elapsed="9.507386">Element with locator '//button[contains(text(),"Iniciar sessão")]' not found.</status>
</test>
<status status="FAIL" start="2024-07-01T16:08:59.306017" elapsed="9.799606"/>
</suite>
<status status="FAIL" start="2024-07-01T16:08:59.256499" elapsed="9.852115"/>
</suite>
<statistics>
<total>
<stat pass="0" fail="1" skip="0">All Tests</stat>
</total>
<tag>
</tag>
<suite>
<stat pass="0" fail="1" skip="0" id="s1" name="Tests">Tests</stat>
<stat pass="0" fail="1" skip="0" id="s1-s1" name="Login Pinterest">Tests.Login Pinterest</stat>
</suite>
</statistics>
<errors>
</errors>
</robot>
